{"D:\\JSCRIPT 330\\Eric-McIntosh-JSCRIPT-330-Final\\middle-earth-explorer-api\\app.js": {"path":"D:\\JSCRIPT 330\\Eric-McIntosh-JSCRIPT-330-Final\\middle-earth-explorer-api\\app.js","statementMap":{"0":{"start":{"line":1,"column":16},"end":{"line":1,"column":34}},"1":{"start":{"line":3,"column":19},"end":{"line":3,"column":43}},"2":{"start":{"line":4,"column":23},"end":{"line":4,"column":52}},"3":{"start":{"line":5,"column":21},"end":{"line":5,"column":48}},"4":{"start":{"line":6,"column":19},"end":{"line":6,"column":43}},"5":{"start":{"line":8,"column":12},"end":{"line":8,"column":21}},"6":{"start":{"line":10,"column":0},"end":{"line":10,"column":24}},"7":{"start":{"line":12,"column":0},"end":{"line":12,"column":29}},"8":{"start":{"line":13,"column":0},"end":{"line":13,"column":38}},"9":{"start":{"line":14,"column":0},"end":{"line":14,"column":34}},"10":{"start":{"line":15,"column":0},"end":{"line":15,"column":29}},"11":{"start":{"line":17,"column":0},"end":{"line":17,"column":21}}},"fnMap":{},"branchMap":{},"s":{"0":3,"1":3,"2":3,"3":3,"4":3,"5":3,"6":3,"7":3,"8":3,"9":3,"10":3,"11":3},"f":{},"b":{},"_coverageSchema":"1a1c01bbd47fc00a2c39e90264f33305004495a9","hash":"9cfd238428fd74fe99d81221c64b3bb8987d5444"}
,"D:\\JSCRIPT 330\\Eric-McIntosh-JSCRIPT-330-Final\\middle-earth-explorer-api\\controllers\\auth.js": {"path":"D:\\JSCRIPT 330\\Eric-McIntosh-JSCRIPT-330-Final\\middle-earth-explorer-api\\controllers\\auth.js","statementMap":{"0":{"start":{"line":1,"column":15},"end":{"line":1,"column":32}},"1":{"start":{"line":3,"column":12},"end":{"line":3,"column":35}},"2":{"start":{"line":5,"column":13},"end":{"line":5,"column":38}},"3":{"start":{"line":7,"column":0},"end":{"line":49,"column":2}},"4":{"start":{"line":8,"column":2},"end":{"line":48,"column":3}},"5":{"start":{"line":13,"column":8},"end":{"line":13,"column":16}},"6":{"start":{"line":16,"column":6},"end":{"line":21,"column":8}},"7":{"start":{"line":23,"column":4},"end":{"line":28,"column":5}},"8":{"start":{"line":24,"column":6},"end":{"line":27,"column":9}},"9":{"start":{"line":31,"column":6},"end":{"line":31,"column":37}},"10":{"start":{"line":33,"column":17},"end":{"line":37,"column":6}},"11":{"start":{"line":39,"column":4},"end":{"line":43,"column":7}},"12":{"start":{"line":45,"column":4},"end":{"line":47,"column":7}},"13":{"start":{"line":51,"column":0},"end":{"line":95,"column":2}},"14":{"start":{"line":52,"column":2},"end":{"line":94,"column":3}},"15":{"start":{"line":56,"column":8},"end":{"line":56,"column":16}},"16":{"start":{"line":59,"column":6},"end":{"line":59,"column":35}},"17":{"start":{"line":61,"column":4},"end":{"line":65,"column":5}},"18":{"start":{"line":62,"column":6},"end":{"line":64,"column":9}},"19":{"start":{"line":68,"column":6},"end":{"line":71,"column":7}},"20":{"start":{"line":73,"column":4},"end":{"line":77,"column":5}},"21":{"start":{"line":74,"column":6},"end":{"line":76,"column":9}},"22":{"start":{"line":79,"column":18},"end":{"line":87,"column":5}},"23":{"start":{"line":89,"column":4},"end":{"line":89,"column":24}},"24":{"start":{"line":91,"column":4},"end":{"line":93,"column":7}}},"fnMap":{"0":{"name":"(anonymous_0)","decl":{"start":{"line":7,"column":19},"end":{"line":7,"column":20}},"loc":{"start":{"line":7,"column":39},"end":{"line":49,"column":1}},"line":7},"1":{"name":"(anonymous_1)","decl":{"start":{"line":51,"column":16},"end":{"line":51,"column":17}},"loc":{"start":{"line":51,"column":36},"end":{"line":95,"column":1}},"line":51}},"branchMap":{"0":{"loc":{"start":{"line":23,"column":4},"end":{"line":28,"column":5}},"type":"if","locations":[{"start":{"line":23,"column":4},"end":{"line":28,"column":5}},{"start":{},"end":{}}],"line":23},"1":{"loc":{"start":{"line":61,"column":4},"end":{"line":65,"column":5}},"type":"if","locations":[{"start":{"line":61,"column":4},"end":{"line":65,"column":5}},{"start":{},"end":{}}],"line":61},"2":{"loc":{"start":{"line":73,"column":4},"end":{"line":77,"column":5}},"type":"if","locations":[{"start":{"line":73,"column":4},"end":{"line":77,"column":5}},{"start":{},"end":{}}],"line":73}},"s":{"0":3,"1":3,"2":3,"3":3,"4":8,"5":8,"6":8,"7":8,"8":1,"9":7,"10":7,"11":7,"12":0,"13":3,"14":5,"15":5,"16":5,"17":5,"18":0,"19":5,"20":5,"21":0,"22":5,"23":5,"24":0},"f":{"0":8,"1":5},"b":{"0":[1,7],"1":[0,5],"2":[0,5]},"_coverageSchema":"1a1c01bbd47fc00a2c39e90264f33305004495a9","hash":"bde46b748acc2eb7382fa79cef3d647501fa77d1"}
,"D:\\JSCRIPT 330\\Eric-McIntosh-JSCRIPT-330-Final\\middle-earth-explorer-api\\controllers\\favorites.js": {"path":"D:\\JSCRIPT 330\\Eric-McIntosh-JSCRIPT-330-Final\\middle-earth-explorer-api\\controllers\\favorites.js","statementMap":{"0":{"start":{"line":1,"column":17},"end":{"line":1,"column":46}},"1":{"start":{"line":3,"column":0},"end":{"line":15,"column":2}},"2":{"start":{"line":4,"column":2},"end":{"line":14,"column":3}},"3":{"start":{"line":5,"column":22},"end":{"line":7,"column":6}},"4":{"start":{"line":9,"column":4},"end":{"line":9,"column":24}},"5":{"start":{"line":11,"column":4},"end":{"line":13,"column":7}},"6":{"start":{"line":17,"column":0},"end":{"line":36,"column":2}},"7":{"start":{"line":18,"column":2},"end":{"line":35,"column":3}},"8":{"start":{"line":19,"column":21},"end":{"line":22,"column":6}},"9":{"start":{"line":24,"column":4},"end":{"line":28,"column":5}},"10":{"start":{"line":25,"column":6},"end":{"line":27,"column":9}},"11":{"start":{"line":30,"column":4},"end":{"line":30,"column":23}},"12":{"start":{"line":32,"column":4},"end":{"line":34,"column":7}},"13":{"start":{"line":38,"column":0},"end":{"line":51,"column":2}},"14":{"start":{"line":39,"column":2},"end":{"line":50,"column":3}},"15":{"start":{"line":40,"column":21},"end":{"line":43,"column":6}},"16":{"start":{"line":45,"column":4},"end":{"line":45,"column":35}},"17":{"start":{"line":47,"column":4},"end":{"line":49,"column":7}},"18":{"start":{"line":53,"column":0},"end":{"line":79,"column":2}},"19":{"start":{"line":54,"column":2},"end":{"line":78,"column":3}},"20":{"start":{"line":55,"column":21},"end":{"line":65,"column":5}},"21":{"start":{"line":67,"column":4},"end":{"line":71,"column":5}},"22":{"start":{"line":68,"column":6},"end":{"line":70,"column":9}},"23":{"start":{"line":73,"column":4},"end":{"line":73,"column":23}},"24":{"start":{"line":75,"column":4},"end":{"line":77,"column":7}},"25":{"start":{"line":81,"column":0},"end":{"line":102,"column":2}},"26":{"start":{"line":82,"column":2},"end":{"line":101,"column":3}},"27":{"start":{"line":83,"column":21},"end":{"line":86,"column":6}},"28":{"start":{"line":88,"column":4},"end":{"line":92,"column":5}},"29":{"start":{"line":89,"column":6},"end":{"line":91,"column":9}},"30":{"start":{"line":94,"column":4},"end":{"line":96,"column":7}},"31":{"start":{"line":98,"column":4},"end":{"line":100,"column":7}}},"fnMap":{"0":{"name":"(anonymous_0)","decl":{"start":{"line":3,"column":17},"end":{"line":3,"column":18}},"loc":{"start":{"line":3,"column":37},"end":{"line":15,"column":1}},"line":3},"1":{"name":"(anonymous_1)","decl":{"start":{"line":17,"column":17},"end":{"line":17,"column":18}},"loc":{"start":{"line":17,"column":37},"end":{"line":36,"column":1}},"line":17},"2":{"name":"(anonymous_2)","decl":{"start":{"line":38,"column":17},"end":{"line":38,"column":18}},"loc":{"start":{"line":38,"column":37},"end":{"line":51,"column":1}},"line":38},"3":{"name":"(anonymous_3)","decl":{"start":{"line":53,"column":17},"end":{"line":53,"column":18}},"loc":{"start":{"line":53,"column":37},"end":{"line":79,"column":1}},"line":53},"4":{"name":"(anonymous_4)","decl":{"start":{"line":81,"column":17},"end":{"line":81,"column":18}},"loc":{"start":{"line":81,"column":37},"end":{"line":102,"column":1}},"line":81}},"branchMap":{"0":{"loc":{"start":{"line":24,"column":4},"end":{"line":28,"column":5}},"type":"if","locations":[{"start":{"line":24,"column":4},"end":{"line":28,"column":5}},{"start":{},"end":{}}],"line":24},"1":{"loc":{"start":{"line":67,"column":4},"end":{"line":71,"column":5}},"type":"if","locations":[{"start":{"line":67,"column":4},"end":{"line":71,"column":5}},{"start":{},"end":{}}],"line":67},"2":{"loc":{"start":{"line":88,"column":4},"end":{"line":92,"column":5}},"type":"if","locations":[{"start":{"line":88,"column":4},"end":{"line":92,"column":5}},{"start":{},"end":{}}],"line":88}},"s":{"0":3,"1":3,"2":0,"3":0,"4":0,"5":0,"6":3,"7":0,"8":0,"9":0,"10":0,"11":0,"12":0,"13":3,"14":1,"15":1,"16":1,"17":0,"18":3,"19":0,"20":0,"21":0,"22":0,"23":0,"24":0,"25":3,"26":0,"27":0,"28":0,"29":0,"30":0,"31":0},"f":{"0":0,"1":0,"2":1,"3":0,"4":0},"b":{"0":[0,0],"1":[0,0],"2":[0,0]},"_coverageSchema":"1a1c01bbd47fc00a2c39e90264f33305004495a9","hash":"faf60dd5dead35700880c336be781a7d9c7fdc71"}
,"D:\\JSCRIPT 330\\Eric-McIntosh-JSCRIPT-330-Final\\middle-earth-explorer-api\\controllers\\lotr.js": {"path":"D:\\JSCRIPT 330\\Eric-McIntosh-JSCRIPT-330-Final\\middle-earth-explorer-api\\controllers\\lotr.js","statementMap":{"0":{"start":{"line":1,"column":12},"end":{"line":1,"column":41}},"1":{"start":{"line":3,"column":0},"end":{"line":13,"column":2}},"2":{"start":{"line":4,"column":2},"end":{"line":12,"column":3}},"3":{"start":{"line":5,"column":21},"end":{"line":5,"column":48}},"4":{"start":{"line":7,"column":4},"end":{"line":7,"column":28}},"5":{"start":{"line":9,"column":4},"end":{"line":11,"column":7}},"6":{"start":{"line":15,"column":0},"end":{"line":25,"column":2}},"7":{"start":{"line":16,"column":2},"end":{"line":24,"column":3}},"8":{"start":{"line":17,"column":21},"end":{"line":17,"column":44}},"9":{"start":{"line":19,"column":4},"end":{"line":19,"column":28}},"10":{"start":{"line":21,"column":4},"end":{"line":23,"column":7}},"11":{"start":{"line":27,"column":0},"end":{"line":37,"column":2}},"12":{"start":{"line":28,"column":2},"end":{"line":36,"column":3}},"13":{"start":{"line":29,"column":21},"end":{"line":29,"column":43}},"14":{"start":{"line":31,"column":4},"end":{"line":31,"column":28}},"15":{"start":{"line":33,"column":4},"end":{"line":35,"column":7}},"16":{"start":{"line":39,"column":0},"end":{"line":49,"column":2}},"17":{"start":{"line":40,"column":2},"end":{"line":48,"column":3}},"18":{"start":{"line":41,"column":21},"end":{"line":41,"column":44}},"19":{"start":{"line":43,"column":4},"end":{"line":43,"column":28}},"20":{"start":{"line":45,"column":4},"end":{"line":47,"column":7}}},"fnMap":{"0":{"name":"(anonymous_0)","decl":{"start":{"line":3,"column":24},"end":{"line":3,"column":25}},"loc":{"start":{"line":3,"column":44},"end":{"line":13,"column":1}},"line":3},"1":{"name":"(anonymous_1)","decl":{"start":{"line":15,"column":20},"end":{"line":15,"column":21}},"loc":{"start":{"line":15,"column":40},"end":{"line":25,"column":1}},"line":15},"2":{"name":"(anonymous_2)","decl":{"start":{"line":27,"column":19},"end":{"line":27,"column":20}},"loc":{"start":{"line":27,"column":39},"end":{"line":37,"column":1}},"line":27},"3":{"name":"(anonymous_3)","decl":{"start":{"line":39,"column":20},"end":{"line":39,"column":21}},"loc":{"start":{"line":39,"column":40},"end":{"line":49,"column":1}},"line":39}},"branchMap":{},"s":{"0":3,"1":3,"2":0,"3":0,"4":0,"5":0,"6":3,"7":0,"8":0,"9":0,"10":0,"11":3,"12":0,"13":0,"14":0,"15":0,"16":3,"17":0,"18":0,"19":0,"20":0},"f":{"0":0,"1":0,"2":0,"3":0},"b":{},"_coverageSchema":"1a1c01bbd47fc00a2c39e90264f33305004495a9","hash":"f0655dc0113930f4db5bf11590f54dd80bb3f411"}
,"D:\\JSCRIPT 330\\Eric-McIntosh-JSCRIPT-330-Final\\middle-earth-explorer-api\\controllers\\reviews.js": {"path":"D:\\JSCRIPT 330\\Eric-McIntosh-JSCRIPT-330-Final\\middle-earth-explorer-api\\controllers\\reviews.js","statementMap":{"0":{"start":{"line":1,"column":15},"end":{"line":1,"column":42}},"1":{"start":{"line":3,"column":0},"end":{"line":13,"column":2}},"2":{"start":{"line":4,"column":2},"end":{"line":12,"column":3}},"3":{"start":{"line":5,"column":20},"end":{"line":5,"column":39}},"4":{"start":{"line":7,"column":4},"end":{"line":7,"column":22}},"5":{"start":{"line":9,"column":4},"end":{"line":11,"column":7}},"6":{"start":{"line":15,"column":0},"end":{"line":33,"column":2}},"7":{"start":{"line":16,"column":2},"end":{"line":32,"column":3}},"8":{"start":{"line":17,"column":19},"end":{"line":19,"column":5}},"9":{"start":{"line":21,"column":4},"end":{"line":25,"column":5}},"10":{"start":{"line":22,"column":6},"end":{"line":24,"column":9}},"11":{"start":{"line":27,"column":4},"end":{"line":27,"column":21}},"12":{"start":{"line":29,"column":4},"end":{"line":31,"column":7}},"13":{"start":{"line":35,"column":0},"end":{"line":48,"column":2}},"14":{"start":{"line":36,"column":2},"end":{"line":47,"column":3}},"15":{"start":{"line":37,"column":19},"end":{"line":40,"column":6}},"16":{"start":{"line":42,"column":4},"end":{"line":42,"column":33}},"17":{"start":{"line":44,"column":4},"end":{"line":46,"column":7}},"18":{"start":{"line":50,"column":0},"end":{"line":76,"column":2}},"19":{"start":{"line":51,"column":2},"end":{"line":75,"column":3}},"20":{"start":{"line":52,"column":19},"end":{"line":62,"column":5}},"21":{"start":{"line":64,"column":4},"end":{"line":68,"column":5}},"22":{"start":{"line":65,"column":6},"end":{"line":67,"column":9}},"23":{"start":{"line":70,"column":4},"end":{"line":70,"column":21}},"24":{"start":{"line":72,"column":4},"end":{"line":74,"column":7}},"25":{"start":{"line":78,"column":0},"end":{"line":99,"column":2}},"26":{"start":{"line":79,"column":2},"end":{"line":98,"column":3}},"27":{"start":{"line":80,"column":19},"end":{"line":83,"column":6}},"28":{"start":{"line":85,"column":4},"end":{"line":89,"column":5}},"29":{"start":{"line":86,"column":6},"end":{"line":88,"column":9}},"30":{"start":{"line":91,"column":4},"end":{"line":93,"column":7}},"31":{"start":{"line":95,"column":4},"end":{"line":97,"column":7}},"32":{"start":{"line":101,"column":0},"end":{"line":115,"column":2}},"33":{"start":{"line":102,"column":2},"end":{"line":114,"column":3}},"34":{"start":{"line":103,"column":20},"end":{"line":107,"column":6}},"35":{"start":{"line":109,"column":4},"end":{"line":109,"column":22}},"36":{"start":{"line":111,"column":4},"end":{"line":113,"column":7}}},"fnMap":{"0":{"name":"(anonymous_0)","decl":{"start":{"line":3,"column":17},"end":{"line":3,"column":18}},"loc":{"start":{"line":3,"column":37},"end":{"line":13,"column":1}},"line":3},"1":{"name":"(anonymous_1)","decl":{"start":{"line":15,"column":17},"end":{"line":15,"column":18}},"loc":{"start":{"line":15,"column":37},"end":{"line":33,"column":1}},"line":15},"2":{"name":"(anonymous_2)","decl":{"start":{"line":35,"column":17},"end":{"line":35,"column":18}},"loc":{"start":{"line":35,"column":37},"end":{"line":48,"column":1}},"line":35},"3":{"name":"(anonymous_3)","decl":{"start":{"line":50,"column":17},"end":{"line":50,"column":18}},"loc":{"start":{"line":50,"column":37},"end":{"line":76,"column":1}},"line":50},"4":{"name":"(anonymous_4)","decl":{"start":{"line":78,"column":17},"end":{"line":78,"column":18}},"loc":{"start":{"line":78,"column":37},"end":{"line":99,"column":1}},"line":78},"5":{"name":"(anonymous_5)","decl":{"start":{"line":101,"column":17},"end":{"line":101,"column":18}},"loc":{"start":{"line":101,"column":37},"end":{"line":115,"column":1}},"line":101}},"branchMap":{"0":{"loc":{"start":{"line":21,"column":4},"end":{"line":25,"column":5}},"type":"if","locations":[{"start":{"line":21,"column":4},"end":{"line":25,"column":5}},{"start":{},"end":{}}],"line":21},"1":{"loc":{"start":{"line":64,"column":4},"end":{"line":68,"column":5}},"type":"if","locations":[{"start":{"line":64,"column":4},"end":{"line":68,"column":5}},{"start":{},"end":{}}],"line":64},"2":{"loc":{"start":{"line":85,"column":4},"end":{"line":89,"column":5}},"type":"if","locations":[{"start":{"line":85,"column":4},"end":{"line":89,"column":5}},{"start":{},"end":{}}],"line":85}},"s":{"0":3,"1":3,"2":0,"3":0,"4":0,"5":0,"6":3,"7":0,"8":0,"9":0,"10":0,"11":0,"12":0,"13":3,"14":2,"15":2,"16":2,"17":0,"18":3,"19":0,"20":0,"21":0,"22":0,"23":0,"24":0,"25":3,"26":0,"27":0,"28":0,"29":0,"30":0,"31":0,"32":3,"33":1,"34":1,"35":1,"36":0},"f":{"0":0,"1":0,"2":2,"3":0,"4":0,"5":1},"b":{"0":[0,0],"1":[0,0],"2":[0,0]},"_coverageSchema":"1a1c01bbd47fc00a2c39e90264f33305004495a9","hash":"dcc90d19a3034c966a16151f4921cbe7d2a8af9f"}
,"D:\\JSCRIPT 330\\Eric-McIntosh-JSCRIPT-330-Final\\middle-earth-explorer-api\\middleware\\auth.js": {"path":"D:\\JSCRIPT 330\\Eric-McIntosh-JSCRIPT-330-Final\\middle-earth-explorer-api\\middleware\\auth.js","statementMap":{"0":{"start":{"line":1,"column":12},"end":{"line":1,"column":35}},"1":{"start":{"line":3,"column":0},"end":{"line":34,"column":2}},"2":{"start":{"line":8,"column":2},"end":{"line":33,"column":3}},"3":{"start":{"line":10,"column":6},"end":{"line":10,"column":31}},"4":{"start":{"line":12,"column":4},"end":{"line":16,"column":5}},"5":{"start":{"line":13,"column":6},"end":{"line":15,"column":9}},"6":{"start":{"line":19,"column":6},"end":{"line":19,"column":30}},"7":{"start":{"line":21,"column":20},"end":{"line":24,"column":5}},"8":{"start":{"line":26,"column":4},"end":{"line":26,"column":23}},"9":{"start":{"line":28,"column":4},"end":{"line":28,"column":11}},"10":{"start":{"line":30,"column":4},"end":{"line":32,"column":7}}},"fnMap":{"0":{"name":"(anonymous_0)","decl":{"start":{"line":3,"column":17},"end":{"line":3,"column":18}},"loc":{"start":{"line":7,"column":5},"end":{"line":34,"column":1}},"line":7}},"branchMap":{"0":{"loc":{"start":{"line":12,"column":4},"end":{"line":16,"column":5}},"type":"if","locations":[{"start":{"line":12,"column":4},"end":{"line":16,"column":5}},{"start":{},"end":{}}],"line":12}},"s":{"0":3,"1":3,"2":4,"3":4,"4":4,"5":1,"6":3,"7":3,"8":3,"9":3,"10":0},"f":{"0":4},"b":{"0":[1,3]},"_coverageSchema":"1a1c01bbd47fc00a2c39e90264f33305004495a9","hash":"b65f7b96d66fc092fd200e322b42ba90bd29588e"}
,"D:\\JSCRIPT 330\\Eric-McIntosh-JSCRIPT-330-Final\\middle-earth-explorer-api\\models\\Favorite.js": {"path":"D:\\JSCRIPT 330\\Eric-McIntosh-JSCRIPT-330-Final\\middle-earth-explorer-api\\models\\Favorite.js","statementMap":{"0":{"start":{"line":1,"column":17},"end":{"line":1,"column":36}},"1":{"start":{"line":3,"column":23},"end":{"line":23,"column":2}},"2":{"start":{"line":25,"column":0},"end":{"line":28,"column":2}},"3":{"start":{"line":30,"column":0},"end":{"line":33,"column":2}}},"fnMap":{},"branchMap":{},"s":{"0":3,"1":3,"2":3,"3":3},"f":{},"b":{},"_coverageSchema":"1a1c01bbd47fc00a2c39e90264f33305004495a9","hash":"7e23122649354eb8dc029991331b69fad914a044"}
,"D:\\JSCRIPT 330\\Eric-McIntosh-JSCRIPT-330-Final\\middle-earth-explorer-api\\models\\Review.js": {"path":"D:\\JSCRIPT 330\\Eric-McIntosh-JSCRIPT-330-Final\\middle-earth-explorer-api\\models\\Review.js","statementMap":{"0":{"start":{"line":1,"column":17},"end":{"line":1,"column":36}},"1":{"start":{"line":3,"column":21},"end":{"line":25,"column":2}},"2":{"start":{"line":27,"column":0},"end":{"line":30,"column":3}},"3":{"start":{"line":32,"column":0},"end":{"line":35,"column":2}}},"fnMap":{},"branchMap":{},"s":{"0":3,"1":3,"2":3,"3":3},"f":{},"b":{},"_coverageSchema":"1a1c01bbd47fc00a2c39e90264f33305004495a9","hash":"9e8b564807eeb9c3bc9415b3cca00afeac0527a4"}
,"D:\\JSCRIPT 330\\Eric-McIntosh-JSCRIPT-330-Final\\middle-earth-explorer-api\\models\\User.js": {"path":"D:\\JSCRIPT 330\\Eric-McIntosh-JSCRIPT-330-Final\\middle-earth-explorer-api\\models\\User.js","statementMap":{"0":{"start":{"line":1,"column":17},"end":{"line":1,"column":36}},"1":{"start":{"line":3,"column":19},"end":{"line":20,"column":2}},"2":{"start":{"line":22,"column":0},"end":{"line":25,"column":2}}},"fnMap":{},"branchMap":{},"s":{"0":3,"1":3,"2":3},"f":{},"b":{},"_coverageSchema":"1a1c01bbd47fc00a2c39e90264f33305004495a9","hash":"a285f91e8aa2851bd29df28259efc982f6534fd8"}
,"D:\\JSCRIPT 330\\Eric-McIntosh-JSCRIPT-330-Final\\middle-earth-explorer-api\\routes\\auth.js": {"path":"D:\\JSCRIPT 330\\Eric-McIntosh-JSCRIPT-330-Final\\middle-earth-explorer-api\\routes\\auth.js","statementMap":{"0":{"start":{"line":1,"column":15},"end":{"line":1,"column":42}},"1":{"start":{"line":2,"column":13},"end":{"line":2,"column":43}},"2":{"start":{"line":4,"column":0},"end":{"line":4,"column":40}},"3":{"start":{"line":5,"column":0},"end":{"line":5,"column":34}},"4":{"start":{"line":7,"column":0},"end":{"line":7,"column":24}}},"fnMap":{},"branchMap":{},"s":{"0":3,"1":3,"2":3,"3":3,"4":3},"f":{},"b":{},"_coverageSchema":"1a1c01bbd47fc00a2c39e90264f33305004495a9","hash":"a9b4d2fa382ea6c5729be1e002870906a2ca9ef1"}
,"D:\\JSCRIPT 330\\Eric-McIntosh-JSCRIPT-330-Final\\middle-earth-explorer-api\\routes\\favorites.js": {"path":"D:\\JSCRIPT 330\\Eric-McIntosh-JSCRIPT-330-Final\\middle-earth-explorer-api\\routes\\favorites.js","statementMap":{"0":{"start":{"line":1,"column":15},"end":{"line":1,"column":42}},"1":{"start":{"line":3,"column":18},"end":{"line":3,"column":53}},"2":{"start":{"line":4,"column":13},"end":{"line":4,"column":42}},"3":{"start":{"line":6,"column":0},"end":{"line":6,"column":17}},"4":{"start":{"line":8,"column":0},"end":{"line":8,"column":34}},"5":{"start":{"line":9,"column":0},"end":{"line":9,"column":37}},"6":{"start":{"line":10,"column":0},"end":{"line":10,"column":35}},"7":{"start":{"line":11,"column":0},"end":{"line":11,"column":37}},"8":{"start":{"line":12,"column":0},"end":{"line":12,"column":40}},"9":{"start":{"line":14,"column":0},"end":{"line":14,"column":24}}},"fnMap":{},"branchMap":{},"s":{"0":3,"1":3,"2":3,"3":3,"4":3,"5":3,"6":3,"7":3,"8":3,"9":3},"f":{},"b":{},"_coverageSchema":"1a1c01bbd47fc00a2c39e90264f33305004495a9","hash":"ae371f5ddcde581b83a43fe01b2f9fb6ff450beb"}
,"D:\\JSCRIPT 330\\Eric-McIntosh-JSCRIPT-330-Final\\middle-earth-explorer-api\\routes\\lotr.js": {"path":"D:\\JSCRIPT 330\\Eric-McIntosh-JSCRIPT-330-Final\\middle-earth-explorer-api\\routes\\lotr.js","statementMap":{"0":{"start":{"line":1,"column":15},"end":{"line":1,"column":42}},"1":{"start":{"line":3,"column":13},"end":{"line":3,"column":43}},"2":{"start":{"line":5,"column":0},"end":{"line":5,"column":46}},"3":{"start":{"line":6,"column":0},"end":{"line":6,"column":38}},"4":{"start":{"line":7,"column":0},"end":{"line":7,"column":36}},"5":{"start":{"line":8,"column":0},"end":{"line":8,"column":38}},"6":{"start":{"line":10,"column":0},"end":{"line":10,"column":24}}},"fnMap":{},"branchMap":{},"s":{"0":3,"1":3,"2":3,"3":3,"4":3,"5":3,"6":3},"f":{},"b":{},"_coverageSchema":"1a1c01bbd47fc00a2c39e90264f33305004495a9","hash":"4fcc8fc9bd487ddee5d90aa579d4475783632557"}
,"D:\\JSCRIPT 330\\Eric-McIntosh-JSCRIPT-330-Final\\middle-earth-explorer-api\\routes\\reviews.js": {"path":"D:\\JSCRIPT 330\\Eric-McIntosh-JSCRIPT-330-Final\\middle-earth-explorer-api\\routes\\reviews.js","statementMap":{"0":{"start":{"line":1,"column":15},"end":{"line":1,"column":42}},"1":{"start":{"line":3,"column":16},"end":{"line":3,"column":49}},"2":{"start":{"line":4,"column":13},"end":{"line":4,"column":42}},"3":{"start":{"line":6,"column":0},"end":{"line":6,"column":32}},"4":{"start":{"line":7,"column":0},"end":{"line":7,"column":38}},"5":{"start":{"line":8,"column":0},"end":{"line":8,"column":35}},"6":{"start":{"line":10,"column":0},"end":{"line":10,"column":39}},"7":{"start":{"line":11,"column":0},"end":{"line":11,"column":41}},"8":{"start":{"line":12,"column":0},"end":{"line":12,"column":44}},"9":{"start":{"line":14,"column":0},"end":{"line":14,"column":24}}},"fnMap":{},"branchMap":{},"s":{"0":3,"1":3,"2":3,"3":3,"4":3,"5":3,"6":3,"7":3,"8":3,"9":3},"f":{},"b":{},"_coverageSchema":"1a1c01bbd47fc00a2c39e90264f33305004495a9","hash":"de58c55916e9ccc5820bf57f6467a38685b2bc93"}
,"D:\\JSCRIPT 330\\Eric-McIntosh-JSCRIPT-330-Final\\middle-earth-explorer-api\\services\\oneApi.js": {"path":"D:\\JSCRIPT 330\\Eric-McIntosh-JSCRIPT-330-Final\\middle-earth-explorer-api\\services\\oneApi.js","statementMap":{"0":{"start":{"line":1,"column":14},"end":{"line":1,"column":30}},"1":{"start":{"line":3,"column":12},"end":{"line":8,"column":2}},"2":{"start":{"line":10,"column":0},"end":{"line":10,"column":21}}},"fnMap":{},"branchMap":{},"s":{"0":3,"1":3,"2":3},"f":{},"b":{},"_coverageSchema":"1a1c01bbd47fc00a2c39e90264f33305004495a9","hash":"a4d29b48600312f62cf864734d2479a1b02e3214"}
}
