TN:
SF:app.js
FNF:0
FNH:0
DA:1,3
DA:3,3
DA:4,3
DA:5,3
DA:6,3
DA:8,3
DA:10,3
DA:12,3
DA:13,3
DA:14,3
DA:15,3
DA:17,3
LF:12
LH:12
BRF:0
BRH:0
end_of_record
TN:
SF:controllers\auth.js
FN:7,(anonymous_0)
FN:51,(anonymous_1)
FNF:2
FNH:2
FNDA:8,(anonymous_0)
FNDA:5,(anonymous_1)
DA:1,3
DA:3,3
DA:5,3
DA:7,3
DA:8,8
DA:13,8
DA:16,8
DA:23,8
DA:24,1
DA:31,7
DA:33,7
DA:39,7
DA:45,0
DA:51,3
DA:52,5
DA:56,5
DA:59,5
DA:61,5
DA:62,0
DA:68,5
DA:73,5
DA:74,0
DA:79,5
DA:89,5
DA:91,0
LF:25
LH:21
BRDA:23,0,0,1
BRDA:23,0,1,7
BRDA:61,1,0,0
BRDA:61,1,1,5
BRDA:73,2,0,0
BRDA:73,2,1,5
BRF:6
BRH:4
end_of_record
TN:
SF:controllers\favorites.js
FN:3,(anonymous_0)
FN:17,(anonymous_1)
FN:38,(anonymous_2)
FN:53,(anonymous_3)
FN:81,(anonymous_4)
FNF:5
FNH:1
FNDA:0,(anonymous_0)
FNDA:0,(anonymous_1)
FNDA:1,(anonymous_2)
FNDA:0,(anonymous_3)
FNDA:0,(anonymous_4)
DA:1,3
DA:3,3
DA:4,0
DA:5,0
DA:9,0
DA:11,0
DA:17,3
DA:18,0
DA:19,0
DA:24,0
DA:25,0
DA:30,0
DA:32,0
DA:38,3
DA:39,1
DA:40,1
DA:45,1
DA:47,0
DA:53,3
DA:54,0
DA:55,0
DA:67,0
DA:68,0
DA:73,0
DA:75,0
DA:81,3
DA:82,0
DA:83,0
DA:88,0
DA:89,0
DA:94,0
DA:98,0
LF:32
LH:9
BRDA:24,0,0,0
BRDA:24,0,1,0
BRDA:67,1,0,0
BRDA:67,1,1,0
BRDA:88,2,0,0
BRDA:88,2,1,0
BRF:6
BRH:0
end_of_record
TN:
SF:controllers\lotr.js
FN:3,(anonymous_0)
FN:15,(anonymous_1)
FN:27,(anonymous_2)
FN:39,(anonymous_3)
FNF:4
FNH:0
FNDA:0,(anonymous_0)
FNDA:0,(anonymous_1)
FNDA:0,(anonymous_2)
FNDA:0,(anonymous_3)
DA:1,3
DA:3,3
DA:4,0
DA:5,0
DA:7,0
DA:9,0
DA:15,3
DA:16,0
DA:17,0
DA:19,0
DA:21,0
DA:27,3
DA:28,0
DA:29,0
DA:31,0
DA:33,0
DA:39,3
DA:40,0
DA:41,0
DA:43,0
DA:45,0
LF:21
LH:5
BRF:0
BRH:0
end_of_record
TN:
SF:controllers\reviews.js
FN:3,(anonymous_0)
FN:15,(anonymous_1)
FN:35,(anonymous_2)
FN:50,(anonymous_3)
FN:78,(anonymous_4)
FN:101,(anonymous_5)
FNF:6
FNH:2
FNDA:0,(anonymous_0)
FNDA:0,(anonymous_1)
FNDA:2,(anonymous_2)
FNDA:0,(anonymous_3)
FNDA:0,(anonymous_4)
FNDA:1,(anonymous_5)
DA:1,3
DA:3,3
DA:4,0
DA:5,0
DA:7,0
DA:9,0
DA:15,3
DA:16,0
DA:17,0
DA:21,0
DA:22,0
DA:27,0
DA:29,0
DA:35,3
DA:36,2
DA:37,2
DA:42,2
DA:44,0
DA:50,3
DA:51,0
DA:52,0
DA:64,0
DA:65,0
DA:70,0
DA:72,0
DA:78,3
DA:79,0
DA:80,0
DA:85,0
DA:86,0
DA:91,0
DA:95,0
DA:101,3
DA:102,1
DA:103,1
DA:109,1
DA:111,0
LF:37
LH:13
BRDA:21,0,0,0
BRDA:21,0,1,0
BRDA:64,1,0,0
BRDA:64,1,1,0
BRDA:85,2,0,0
BRDA:85,2,1,0
BRF:6
BRH:0
end_of_record
TN:
SF:middleware\auth.js
FN:3,(anonymous_0)
FNF:1
FNH:1
FNDA:4,(anonymous_0)
DA:1,3
DA:3,3
DA:8,4
DA:10,4
DA:12,4
DA:13,1
DA:19,3
DA:21,3
DA:26,3
DA:28,3
DA:30,0
LF:11
LH:10
BRDA:12,0,0,1
BRDA:12,0,1,3
BRF:2
BRH:2
end_of_record
TN:
SF:models\Favorite.js
FNF:0
FNH:0
DA:1,3
DA:3,3
DA:25,3
DA:30,3
LF:4
LH:4
BRF:0
BRH:0
end_of_record
TN:
SF:models\Review.js
FNF:0
FNH:0
DA:1,3
DA:3,3
DA:27,3
DA:32,3
LF:4
LH:4
BRF:0
BRH:0
end_of_record
TN:
SF:models\User.js
FNF:0
FNH:0
DA:1,3
DA:3,3
DA:22,3
LF:3
LH:3
BRF:0
BRH:0
end_of_record
TN:
SF:routes\auth.js
FNF:0
FNH:0
DA:1,3
DA:2,3
DA:4,3
DA:5,3
DA:7,3
LF:5
LH:5
BRF:0
BRH:0
end_of_record
TN:
SF:routes\favorites.js
FNF:0
FNH:0
DA:1,3
DA:3,3
DA:4,3
DA:6,3
DA:8,3
DA:9,3
DA:10,3
DA:11,3
DA:12,3
DA:14,3
LF:10
LH:10
BRF:0
BRH:0
end_of_record
TN:
SF:routes\lotr.js
FNF:0
FNH:0
DA:1,3
DA:3,3
DA:5,3
DA:6,3
DA:7,3
DA:8,3
DA:10,3
LF:7
LH:7
BRF:0
BRH:0
end_of_record
TN:
SF:routes\reviews.js
FNF:0
FNH:0
DA:1,3
DA:3,3
DA:4,3
DA:6,3
DA:7,3
DA:8,3
DA:10,3
DA:11,3
DA:12,3
DA:14,3
LF:10
LH:10
BRF:0
BRH:0
end_of_record
TN:
SF:services\oneApi.js
FNF:0
FNH:0
DA:1,3
DA:3,3
DA:10,3
LF:3
LH:3
BRF:0
BRH:0
end_of_record
